
*** Running vivado
    with args -log main.vds -m64 -mode batch -messageDb vivado.pb -notrace -source main.tcl

WARNING: Default location for XILINX_VIVADO_HLS not found: 

****** Vivado v2015.2 (64-bit)
  **** SW Build 1266856 on Fri Jun 26 16:35:25 MDT 2015
  **** IP Build 1264090 on Wed Jun 24 14:22:01 MDT 2015
    ** Copyright 1986-2015 Xilinx, Inc. All Rights Reserved.

source main.tcl -notrace
Command: synth_design -top main -part xc7a100tcsg324-1
Starting synth_design
Attempting to get a license for feature 'Synthesis' and/or device 'xc7a100t'
INFO: [Common 17-349] Got license for feature 'Synthesis' and/or device 'xc7a100t'
WARNING: [Synth 8-2611] redeclaration of ansi port mode_state is not allowed [D:/VerilogCode/washing_machine/washing_machine.srcs/sources_1/new/main.v:58]
WARNING: [Synth 8-2611] redeclaration of ansi port time_up is not allowed [D:/VerilogCode/washing_machine/washing_machine.srcs/sources_1/new/main.v:70]
---------------------------------------------------------------------------------
Starting RTL Elaboration : Time (s): cpu = 00:00:07 ; elapsed = 00:00:09 . Memory (MB): peak = 274.641 ; gain = 101.871
---------------------------------------------------------------------------------
INFO: [Synth 8-638] synthesizing module 'main' [D:/VerilogCode/washing_machine/washing_machine.srcs/sources_1/new/main.v:23]
INFO: [Synth 8-638] synthesizing module 'divider' [D:/VerilogCode/washing_machine/washing_machine.srcs/sources_1/new/divider.v:23]
	Parameter dely500us bound to: 50000000 - type: integer 
INFO: [Synth 8-256] done synthesizing module 'divider' (1#1) [D:/VerilogCode/washing_machine/washing_machine.srcs/sources_1/new/divider.v:23]
INFO: [Synth 8-638] synthesizing module 'countdown' [D:/VerilogCode/washing_machine/washing_machine.srcs/sources_1/new/countdown.v:23]
INFO: [Synth 8-638] synthesizing module 'format_disp' [D:/VerilogCode/washing_machine/washing_machine.srcs/sources_1/new/format_disp.v:23]
INFO: [Synth 8-638] synthesizing module 'disp_num' [D:/VerilogCode/washing_machine/washing_machine.srcs/sources_1/new/disp_num.v:23]
INFO: [Synth 8-638] synthesizing module 'num2seg' [D:/VerilogCode/washing_machine/washing_machine.srcs/sources_1/new/num2seg.v:23]
INFO: [Synth 8-256] done synthesizing module 'num2seg' (2#1) [D:/VerilogCode/washing_machine/washing_machine.srcs/sources_1/new/num2seg.v:23]
INFO: [Synth 8-638] synthesizing module 'show_seg' [D:/VerilogCode/washing_machine/washing_machine.srcs/sources_1/new/show_seg.v:23]
INFO: [Synth 8-256] done synthesizing module 'show_seg' (3#1) [D:/VerilogCode/washing_machine/washing_machine.srcs/sources_1/new/show_seg.v:23]
INFO: [Synth 8-256] done synthesizing module 'disp_num' (4#1) [D:/VerilogCode/washing_machine/washing_machine.srcs/sources_1/new/disp_num.v:23]
INFO: [Synth 8-256] done synthesizing module 'format_disp' (5#1) [D:/VerilogCode/washing_machine/washing_machine.srcs/sources_1/new/format_disp.v:23]
INFO: [Synth 8-256] done synthesizing module 'countdown' (6#1) [D:/VerilogCode/washing_machine/washing_machine.srcs/sources_1/new/countdown.v:23]
INFO: [Synth 8-638] synthesizing module 'sel_mode' [D:/VerilogCode/washing_machine/washing_machine.srcs/sources_1/new/sel_mode.v:23]
INFO: [Synth 8-256] done synthesizing module 'sel_mode' (7#1) [D:/VerilogCode/washing_machine/washing_machine.srcs/sources_1/new/sel_mode.v:23]
INFO: [Synth 8-256] done synthesizing module 'main' (8#1) [D:/VerilogCode/washing_machine/washing_machine.srcs/sources_1/new/main.v:23]
---------------------------------------------------------------------------------
Finished RTL Elaboration : Time (s): cpu = 00:00:08 ; elapsed = 00:00:12 . Memory (MB): peak = 296.543 ; gain = 123.773
---------------------------------------------------------------------------------

Report Check Netlist: 
+------+------------------+-------+---------+-------+------------------+
|      |Item              |Errors |Warnings |Status |Description       |
+------+------------------+-------+---------+-------+------------------+
|1     |multi_driven_nets |      0|        0|Passed |Multi driven nets |
+------+------------------+-------+---------+-------+------------------+
---------------------------------------------------------------------------------
Finished RTL Optimization Phase 1 : Time (s): cpu = 00:00:08 ; elapsed = 00:00:12 . Memory (MB): peak = 296.543 ; gain = 123.773
---------------------------------------------------------------------------------
INFO: [Device 21-403] Loading part xc7a100tcsg324-1
INFO: [Project 1-570] Preparing netlist for logic optimization

Processing XDC Constraints
Initializing timing engine
Parsing XDC File [D:/VerilogCode/washing_machine/washing_machine.srcs/Nexys4DDR_Master.xdc]
Finished Parsing XDC File [D:/VerilogCode/washing_machine/washing_machine.srcs/Nexys4DDR_Master.xdc]
Completed Processing XDC Constraints

INFO: [Project 1-111] Unisim Transformation Summary:
No Unisim elements were transformed.

Constraint Validation Runtime : Time (s): cpu = 00:00:00 ; elapsed = 00:00:00.017 . Memory (MB): peak = 611.883 ; gain = 0.000
---------------------------------------------------------------------------------
Finished Constraint Validation : Time (s): cpu = 00:00:17 ; elapsed = 00:00:22 . Memory (MB): peak = 611.883 ; gain = 439.113
---------------------------------------------------------------------------------
---------------------------------------------------------------------------------
Start Loading Part and Timing Information
---------------------------------------------------------------------------------
Loading part: xc7a100tcsg324-1
---------------------------------------------------------------------------------
Finished Loading Part and Timing Information : Time (s): cpu = 00:00:17 ; elapsed = 00:00:22 . Memory (MB): peak = 611.883 ; gain = 439.113
---------------------------------------------------------------------------------
---------------------------------------------------------------------------------
Start Applying 'set_property' XDC Constraints
---------------------------------------------------------------------------------
incorrect argument "-dict" for "set_property" at line 7 of file D:/VerilogCode/washing_machine/washing_machine.srcs/Nexys4DDR_Master.xdc
incorrect set of required parameters for "set_property" at line 7 of file D:/VerilogCode/washing_machine/washing_machine.srcs/Nexys4DDR_Master.xdc
---------------------------------------------------------------------
Usage:
  set_property
    [-help]
    [-quiet]
    attribute
    value
    object
    [{>|>>} <stdoutFile>]
---------------------------------------------------------------------
incorrect argument "-dict" for "set_property" at line 13 of file D:/VerilogCode/washing_machine/washing_machine.srcs/Nexys4DDR_Master.xdc
incorrect set of required parameters for "set_property" at line 13 of file D:/VerilogCode/washing_machine/washing_machine.srcs/Nexys4DDR_Master.xdc
---------------------------------------------------------------------
Usage:
  set_property
    [-help]
    [-quiet]
    attribute
    value
    object
    [{>|>>} <stdoutFile>]
---------------------------------------------------------------------
incorrect argument "-dict" for "set_property" at line 14 of file D:/VerilogCode/washing_machine/washing_machine.srcs/Nexys4DDR_Master.xdc
incorrect set of required parameters for "set_property" at line 14 of file D:/VerilogCode/washing_machine/washing_machine.srcs/Nexys4DDR_Master.xdc
---------------------------------------------------------------------
Usage:
  set_property
    [-help]
    [-quiet]
    attribute
    value
    object
    [{>|>>} <stdoutFile>]
---------------------------------------------------------------------
incorrect argument "-dict" for "set_property" at line 15 of file D:/VerilogCode/washing_machine/washing_machine.srcs/Nexys4DDR_Master.xdc
incorrect set of required parameters for "set_property" at line 15 of file D:/VerilogCode/washing_machine/washing_machine.srcs/Nexys4DDR_Master.xdc
---------------------------------------------------------------------
Usage:
  set_property
    [-help]
    [-quiet]
    attribute
    value
    object
    [{>|>>} <stdoutFile>]
---------------------------------------------------------------------
incorrect argument "-dict" for "set_property" at line 16 of file D:/VerilogCode/washing_machine/washing_machine.srcs/Nexys4DDR_Master.xdc
incorrect set of required parameters for "set_property" at line 16 of file D:/VerilogCode/washing_machine/washing_machine.srcs/Nexys4DDR_Master.xdc
---------------------------------------------------------------------
Usage:
  set_property
    [-help]
    [-quiet]
    attribute
    value
    object
    [{>|>>} <stdoutFile>]
---------------------------------------------------------------------
incorrect argument "-dict" for "set_property" at line 33 of file D:/VerilogCode/washing_machine/washing_machine.srcs/Nexys4DDR_Master.xdc
incorrect set of required parameters for "set_property" at line 33 of file D:/VerilogCode/washing_machine/washing_machine.srcs/Nexys4DDR_Master.xdc
---------------------------------------------------------------------
Usage:
  set_property
    [-help]
    [-quiet]
    attribute
    value
    object
    [{>|>>} <stdoutFile>]
---------------------------------------------------------------------
incorrect argument "-dict" for "set_property" at line 34 of file D:/VerilogCode/washing_machine/washing_machine.srcs/Nexys4DDR_Master.xdc
incorrect set of required parameters for "set_property" at line 34 of file D:/VerilogCode/washing_machine/washing_machine.srcs/Nexys4DDR_Master.xdc
---------------------------------------------------------------------
Usage:
  set_property
    [-help]
    [-quiet]
    attribute
    value
    object
    [{>|>>} <stdoutFile>]
---------------------------------------------------------------------
incorrect argument "-dict" for "set_property" at line 35 of file D:/VerilogCode/washing_machine/washing_machine.srcs/Nexys4DDR_Master.xdc
incorrect set of required parameters for "set_property" at line 35 of file D:/VerilogCode/washing_machine/washing_machine.srcs/Nexys4DDR_Master.xdc
---------------------------------------------------------------------
Usage:
  set_property
    [-help]
    [-quiet]
    attribute
    value
    object
    [{>|>>} <stdoutFile>]
---------------------------------------------------------------------
incorrect argument "-dict" for "set_property" at line 36 of file D:/VerilogCode/washing_machine/washing_machine.srcs/Nexys4DDR_Master.xdc
incorrect set of required parameters for "set_property" at line 36 of file D:/VerilogCode/washing_machine/washing_machine.srcs/Nexys4DDR_Master.xdc
---------------------------------------------------------------------
Usage:
  set_property
    [-help]
    [-quiet]
    attribute
    value
    object
    [{>|>>} <stdoutFile>]
---------------------------------------------------------------------
incorrect argument "-dict" for "set_property" at line 37 of file D:/VerilogCode/washing_machine/washing_machine.srcs/Nexys4DDR_Master.xdc
incorrect set of required parameters for "set_property" at line 37 of file D:/VerilogCode/washing_machine/washing_machine.srcs/Nexys4DDR_Master.xdc
---------------------------------------------------------------------
Usage:
  set_property
    [-help]
    [-quiet]
    attribute
    value
    object
    [{>|>>} <stdoutFile>]
---------------------------------------------------------------------
incorrect argument "-dict" for "set_property" at line 38 of file D:/VerilogCode/washing_machine/washing_machine.srcs/Nexys4DDR_Master.xdc
incorrect set of required parameters for "set_property" at line 38 of file D:/VerilogCode/washing_machine/washing_machine.srcs/Nexys4DDR_Master.xdc
---------------------------------------------------------------------
Usage:
  set_property
    [-help]
    [-quiet]
    attribute
    value
    object
    [{>|>>} <stdoutFile>]
---------------------------------------------------------------------
incorrect argument "-dict" for "set_property" at line 39 of file D:/VerilogCode/washing_machine/washing_machine.srcs/Nexys4DDR_Master.xdc
incorrect set of required parameters for "set_property" at line 39 of file D:/VerilogCode/washing_machine/washing_machine.srcs/Nexys4DDR_Master.xdc
---------------------------------------------------------------------
Usage:
  set_property
    [-help]
    [-quiet]
    attribute
    value
    object
    [{>|>>} <stdoutFile>]
---------------------------------------------------------------------
incorrect argument "-dict" for "set_property" at line 40 of file D:/VerilogCode/washing_machine/washing_machine.srcs/Nexys4DDR_Master.xdc
incorrect set of required parameters for "set_property" at line 40 of file D:/VerilogCode/washing_machine/washing_machine.srcs/Nexys4DDR_Master.xdc
---------------------------------------------------------------------
Usage:
  set_property
    [-help]
    [-quiet]
    attribute
    value
    object
    [{>|>>} <stdoutFile>]
---------------------------------------------------------------------
incorrect argument "-dict" for "set_property" at line 43 of file D:/VerilogCode/washing_machine/washing_machine.srcs/Nexys4DDR_Master.xdc
incorrect set of required parameters for "set_property" at line 43 of file D:/VerilogCode/washing_machine/washing_machine.srcs/Nexys4DDR_Master.xdc
---------------------------------------------------------------------
Usage:
  set_property
    [-help]
    [-quiet]
    attribute
    value
    object
    [{>|>>} <stdoutFile>]
---------------------------------------------------------------------
incorrect argument "-dict" for "set_property" at line 44 of file D:/VerilogCode/washing_machine/washing_machine.srcs/Nexys4DDR_Master.xdc
incorrect set of required parameters for "set_property" at line 44 of file D:/VerilogCode/washing_machine/washing_machine.srcs/Nexys4DDR_Master.xdc
---------------------------------------------------------------------
Usage:
  set_property
    [-help]
    [-quiet]
    attribute
    value
    object
    [{>|>>} <stdoutFile>]
---------------------------------------------------------------------
incorrect argument "-dict" for "set_property" at line 46 of file D:/VerilogCode/washing_machine/washing_machine.srcs/Nexys4DDR_Master.xdc
incorrect set of required parameters for "set_property" at line 46 of file D:/VerilogCode/washing_machine/washing_machine.srcs/Nexys4DDR_Master.xdc
---------------------------------------------------------------------
Usage:
  set_property
    [-help]
    [-quiet]
    attribute
    value
    object
    [{>|>>} <stdoutFile>]
---------------------------------------------------------------------
incorrect argument "-dict" for "set_property" at line 47 of file D:/VerilogCode/washing_machine/washing_machine.srcs/Nexys4DDR_Master.xdc
incorrect set of required parameters for "set_property" at line 47 of file D:/VerilogCode/washing_machine/washing_machine.srcs/Nexys4DDR_Master.xdc
---------------------------------------------------------------------
Usage:
  set_property
    [-help]
    [-quiet]
    attribute
    value
    object
    [{>|>>} <stdoutFile>]
---------------------------------------------------------------------
incorrect argument "-dict" for "set_property" at line 48 of file D:/VerilogCode/washing_machine/washing_machine.srcs/Nexys4DDR_Master.xdc
incorrect set of required parameters for "set_property" at line 48 of file D:/VerilogCode/washing_machine/washing_machine.srcs/Nexys4DDR_Master.xdc
---------------------------------------------------------------------
Usage:
  set_property
    [-help]
    [-quiet]
    attribute
    value
    object
    [{>|>>} <stdoutFile>]
---------------------------------------------------------------------
incorrect argument "-dict" for "set_property" at line 60 of file D:/VerilogCode/washing_machine/washing_machine.srcs/Nexys4DDR_Master.xdc
incorrect set of required parameters for "set_property" at line 60 of file D:/VerilogCode/washing_machine/washing_machine.srcs/Nexys4DDR_Master.xdc
---------------------------------------------------------------------
Usage:
  set_property
    [-help]
    [-quiet]
    attribute
    value
    object
    [{>|>>} <stdoutFile>]
---------------------------------------------------------------------
incorrect argument "-dict" for "set_property" at line 61 of file D:/VerilogCode/washing_machine/washing_machine.srcs/Nexys4DDR_Master.xdc
incorrect set of required parameters for "set_property" at line 61 of file D:/VerilogCode/washing_machine/washing_machine.srcs/Nexys4DDR_Master.xdc
---------------------------------------------------------------------
Usage:
  set_property
    [-help]
    [-quiet]
    attribute
    value
    object
    [{>|>>} <stdoutFile>]
---------------------------------------------------------------------
incorrect argument "-dict" for "set_property" at line 62 of file D:/VerilogCode/washing_machine/washing_machine.srcs/Nexys4DDR_Master.xdc
incorrect set of required parameters for "set_property" at line 62 of file D:/VerilogCode/washing_machine/washing_machine.srcs/Nexys4DDR_Master.xdc
---------------------------------------------------------------------
Usage:
  set_property
    [-help]
    [-quiet]
    attribute
    value
    object
    [{>|>>} <stdoutFile>]
---------------------------------------------------------------------
incorrect argument "-dict" for "set_property" at line 63 of file D:/VerilogCode/washing_machine/washing_machine.srcs/Nexys4DDR_Master.xdc
incorrect set of required parameters for "set_property" at line 63 of file D:/VerilogCode/washing_machine/washing_machine.srcs/Nexys4DDR_Master.xdc
---------------------------------------------------------------------
Usage:
  set_property
    [-help]
    [-quiet]
    attribute
    value
    object
    [{>|>>} <stdoutFile>]
---------------------------------------------------------------------
incorrect argument "-dict" for "set_property" at line 64 of file D:/VerilogCode/washing_machine/washing_machine.srcs/Nexys4DDR_Master.xdc
incorrect set of required parameters for "set_property" at line 64 of file D:/VerilogCode/washing_machine/washing_machine.srcs/Nexys4DDR_Master.xdc
---------------------------------------------------------------------
Usage:
  set_property
    [-help]
    [-quiet]
    attribute
    value
    object
    [{>|>>} <stdoutFile>]
---------------------------------------------------------------------
incorrect argument "-dict" for "set_property" at line 65 of file D:/VerilogCode/washing_machine/washing_machine.srcs/Nexys4DDR_Master.xdc
incorrect set of required parameters for "set_property" at line 65 of file D:/VerilogCode/washing_machine/washing_machine.srcs/Nexys4DDR_Master.xdc
---------------------------------------------------------------------
Usage:
  set_property
    [-help]
    [-quiet]
    attribute
    value
    object
    [{>|>>} <stdoutFile>]
---------------------------------------------------------------------
incorrect argument "-dict" for "set_property" at line 66 of file D:/VerilogCode/washing_machine/washing_machine.srcs/Nexys4DDR_Master.xdc
incorrect set of required parameters for "set_property" at line 66 of file D:/VerilogCode/washing_machine/washing_machine.srcs/Nexys4DDR_Master.xdc
---------------------------------------------------------------------
Usage:
  set_property
    [-help]
    [-quiet]
    attribute
    value
    object
    [{>|>>} <stdoutFile>]
---------------------------------------------------------------------
incorrect argument "-dict" for "set_property" at line 70 of file D:/VerilogCode/washing_machine/washing_machine.srcs/Nexys4DDR_Master.xdc
incorrect set of required parameters for "set_property" at line 70 of file D:/VerilogCode/washing_machine/washing_machine.srcs/Nexys4DDR_Master.xdc
---------------------------------------------------------------------
Usage:
  set_property
    [-help]
    [-quiet]
    attribute
    value
    object
    [{>|>>} <stdoutFile>]
---------------------------------------------------------------------
incorrect argument "-dict" for "set_property" at line 71 of file D:/VerilogCode/washing_machine/washing_machine.srcs/Nexys4DDR_Master.xdc
incorrect set of required parameters for "set_property" at line 71 of file D:/VerilogCode/washing_machine/washing_machine.srcs/Nexys4DDR_Master.xdc
---------------------------------------------------------------------
Usage:
  set_property
    [-help]
    [-quiet]
    attribute
    value
    object
    [{>|>>} <stdoutFile>]
---------------------------------------------------------------------
incorrect argument "-dict" for "set_property" at line 72 of file D:/VerilogCode/washing_machine/washing_machine.srcs/Nexys4DDR_Master.xdc
incorrect set of required parameters for "set_property" at line 72 of file D:/VerilogCode/washing_machine/washing_machine.srcs/Nexys4DDR_Master.xdc
---------------------------------------------------------------------
Usage:
  set_property
    [-help]
    [-quiet]
    attribute
    value
    object
    [{>|>>} <stdoutFile>]
---------------------------------------------------------------------
incorrect argument "-dict" for "set_property" at line 73 of file D:/VerilogCode/washing_machine/washing_machine.srcs/Nexys4DDR_Master.xdc
incorrect set of required parameters for "set_property" at line 73 of file D:/VerilogCode/washing_machine/washing_machine.srcs/Nexys4DDR_Master.xdc
---------------------------------------------------------------------
Usage:
  set_property
    [-help]
    [-quiet]
    attribute
    value
    object
    [{>|>>} <stdoutFile>]
---------------------------------------------------------------------
incorrect argument "-dict" for "set_property" at line 74 of file D:/VerilogCode/washing_machine/washing_machine.srcs/Nexys4DDR_Master.xdc
incorrect set of required parameters for "set_property" at line 74 of file D:/VerilogCode/washing_machine/washing_machine.srcs/Nexys4DDR_Master.xdc
---------------------------------------------------------------------
Usage:
  set_property
    [-help]
    [-quiet]
    attribute
    value
    object
    [{>|>>} <stdoutFile>]
---------------------------------------------------------------------
incorrect argument "-dict" for "set_property" at line 75 of file D:/VerilogCode/washing_machine/washing_machine.srcs/Nexys4DDR_Master.xdc
incorrect set of required parameters for "set_property" at line 75 of file D:/VerilogCode/washing_machine/washing_machine.srcs/Nexys4DDR_Master.xdc
---------------------------------------------------------------------
Usage:
  set_property
    [-help]
    [-quiet]
    attribute
    value
    object
    [{>|>>} <stdoutFile>]
---------------------------------------------------------------------
incorrect argument "-dict" for "set_property" at line 76 of file D:/VerilogCode/washing_machine/washing_machine.srcs/Nexys4DDR_Master.xdc
incorrect set of required parameters for "set_property" at line 76 of file D:/VerilogCode/washing_machine/washing_machine.srcs/Nexys4DDR_Master.xdc
---------------------------------------------------------------------
Usage:
  set_property
    [-help]
    [-quiet]
    attribute
    value
    object
    [{>|>>} <stdoutFile>]
---------------------------------------------------------------------
incorrect argument "-dict" for "set_property" at line 77 of file D:/VerilogCode/washing_machine/washing_machine.srcs/Nexys4DDR_Master.xdc
incorrect set of required parameters for "set_property" at line 77 of file D:/VerilogCode/washing_machine/washing_machine.srcs/Nexys4DDR_Master.xdc
---------------------------------------------------------------------
Usage:
  set_property
    [-help]
    [-quiet]
    attribute
    value
    object
    [{>|>>} <stdoutFile>]
---------------------------------------------------------------------
incorrect argument "-dict" for "set_property" at line 86 of file D:/VerilogCode/washing_machine/washing_machine.srcs/Nexys4DDR_Master.xdc
incorrect set of required parameters for "set_property" at line 86 of file D:/VerilogCode/washing_machine/washing_machine.srcs/Nexys4DDR_Master.xdc
---------------------------------------------------------------------
Usage:
  set_property
    [-help]
    [-quiet]
    attribute
    value
    object
    [{>|>>} <stdoutFile>]
---------------------------------------------------------------------
---------------------------------------------------------------------------------
Finished applying 'set_property' XDC Constraints : Time (s): cpu = 00:00:17 ; elapsed = 00:00:22 . Memory (MB): peak = 611.883 ; gain = 439.113
---------------------------------------------------------------------------------
INFO: [Synth 8-5545] ROM "clk_N" won't be mapped to RAM because address size (32) is larger than maximum supported(18)
INFO: [Synth 8-5545] ROM "counter" won't be mapped to RAM because address size (32) is larger than maximum supported(18)
INFO: [Synth 8-5545] ROM "counter" won't be mapped to RAM because address size (32) is larger than maximum supported(18)
INFO: [Synth 8-5545] ROM "counter" won't be mapped to RAM because address size (32) is larger than maximum supported(18)
INFO: [Synth 8-5544] ROM "next1" won't be mapped to Block RAM because address size (2) smaller than threshold (5)
INFO: [Synth 8-5546] ROM "time_up" won't be mapped to RAM because it is too sparse
INFO: [Synth 8-5546] ROM "time_up" won't be mapped to RAM because it is too sparse
INFO: [Synth 8-5544] ROM "hold" won't be mapped to Block RAM because address size (4) smaller than threshold (5)
INFO: [Synth 8-5544] ROM "hold" won't be mapped to Block RAM because address size (4) smaller than threshold (5)
INFO: [Synth 8-5544] ROM "hold" won't be mapped to Block RAM because address size (4) smaller than threshold (5)
INFO: [Synth 8-5544] ROM "hold" won't be mapped to Block RAM because address size (4) smaller than threshold (5)
INFO: [Synth 8-5544] ROM "hold" won't be mapped to Block RAM because address size (4) smaller than threshold (5)
INFO: [Synth 8-5544] ROM "water_out" won't be mapped to Block RAM because address size (4) smaller than threshold (5)
INFO: [Synth 8-5544] ROM "water_out" won't be mapped to Block RAM because address size (4) smaller than threshold (5)
INFO: [Synth 8-5544] ROM "water_out" won't be mapped to Block RAM because address size (4) smaller than threshold (5)
INFO: [Synth 8-5544] ROM "water_out" won't be mapped to Block RAM because address size (4) smaller than threshold (5)
INFO: [Synth 8-5544] ROM "water_in" won't be mapped to Block RAM because address size (4) smaller than threshold (5)
INFO: [Synth 8-5544] ROM "water_in" won't be mapped to Block RAM because address size (4) smaller than threshold (5)
INFO: [Synth 8-5544] ROM "water_in" won't be mapped to Block RAM because address size (4) smaller than threshold (5)
INFO: [Synth 8-5544] ROM "water_in" won't be mapped to Block RAM because address size (4) smaller than threshold (5)
INFO: [Synth 8-5544] ROM "drying" won't be mapped to Block RAM because address size (4) smaller than threshold (5)
INFO: [Synth 8-5544] ROM "drying" won't be mapped to Block RAM because address size (4) smaller than threshold (5)
INFO: [Synth 8-5544] ROM "drying" won't be mapped to Block RAM because address size (4) smaller than threshold (5)
INFO: [Synth 8-5544] ROM "drying" won't be mapped to Block RAM because address size (4) smaller than threshold (5)
INFO: [Synth 8-5544] ROM "rinsing" won't be mapped to Block RAM because address size (4) smaller than threshold (5)
INFO: [Synth 8-5544] ROM "rinsing" won't be mapped to Block RAM because address size (4) smaller than threshold (5)
INFO: [Synth 8-5544] ROM "rinsing" won't be mapped to Block RAM because address size (4) smaller than threshold (5)
INFO: [Synth 8-5544] ROM "washing" won't be mapped to Block RAM because address size (4) smaller than threshold (5)
INFO: [Synth 8-5544] ROM "washing" won't be mapped to Block RAM because address size (4) smaller than threshold (5)
INFO: [Synth 8-5544] ROM "weight" won't be mapped to Block RAM because address size (2) smaller than threshold (5)
WARNING: [Synth 8-327] inferring latch for variable 'washing_reg' [D:/VerilogCode/washing_machine/washing_machine.srcs/sources_1/new/main.v:222]
WARNING: [Synth 8-327] inferring latch for variable 'rinsing_reg' [D:/VerilogCode/washing_machine/washing_machine.srcs/sources_1/new/main.v:222]
WARNING: [Synth 8-327] inferring latch for variable 'drying_reg' [D:/VerilogCode/washing_machine/washing_machine.srcs/sources_1/new/main.v:222]
WARNING: [Synth 8-327] inferring latch for variable 'water_in_reg' [D:/VerilogCode/washing_machine/washing_machine.srcs/sources_1/new/main.v:222]
WARNING: [Synth 8-327] inferring latch for variable 'water_out_reg' [D:/VerilogCode/washing_machine/washing_machine.srcs/sources_1/new/main.v:222]
WARNING: [Synth 8-327] inferring latch for variable 'recount_reg' [D:/VerilogCode/washing_machine/washing_machine.srcs/sources_1/new/main.v:103]
WARNING: [Synth 8-327] inferring latch for variable 'hold_reg' [D:/VerilogCode/washing_machine/washing_machine.srcs/sources_1/new/main.v:103]
WARNING: [Synth 8-327] inferring latch for variable 'num2_reg' [D:/VerilogCode/washing_machine/washing_machine.srcs/sources_1/new/main.v:103]
---------------------------------------------------------------------------------
Finished RTL Optimization Phase 2 : Time (s): cpu = 00:00:18 ; elapsed = 00:00:24 . Memory (MB): peak = 611.883 ; gain = 439.113
---------------------------------------------------------------------------------

Report RTL Partitions: 
+-+--------------+------------+----------+
| |RTL Partition |Replication |Instances |
+-+--------------+------------+----------+
+-+--------------+------------+----------+
---------------------------------------------------------------------------------
Start RTL Component Statistics 
---------------------------------------------------------------------------------
Detailed RTL Component Info : 
+---Adders : 
	   2 Input     32 Bit       Adders := 2     
	   2 Input      8 Bit       Adders := 2     
	   2 Input      5 Bit       Adders := 1     
	   2 Input      4 Bit       Adders := 1     
	   2 Input      3 Bit       Adders := 1     
+---Registers : 
	               32 Bit    Registers := 2     
	                8 Bit    Registers := 2     
	                4 Bit    Registers := 1     
	                3 Bit    Registers := 2     
	                2 Bit    Registers := 1     
	                1 Bit    Registers := 1     
+---Muxes : 
	   8 Input      8 Bit        Muxes := 1     
	   4 Input      8 Bit        Muxes := 2     
	   2 Input      8 Bit        Muxes := 2     
	  11 Input      7 Bit        Muxes := 8     
	   2 Input      4 Bit        Muxes := 12    
	   8 Input      4 Bit        Muxes := 2     
	   4 Input      4 Bit        Muxes := 2     
	   2 Input      3 Bit        Muxes := 18    
	   3 Input      3 Bit        Muxes := 4     
	   4 Input      3 Bit        Muxes := 1     
	   8 Input      3 Bit        Muxes := 3     
	  10 Input      3 Bit        Muxes := 1     
	   6 Input      3 Bit        Muxes := 1     
	   2 Input      2 Bit        Muxes := 12    
	   4 Input      2 Bit        Muxes := 4     
	  10 Input      2 Bit        Muxes := 1     
	   8 Input      2 Bit        Muxes := 2     
	   6 Input      2 Bit        Muxes := 1     
	   4 Input      1 Bit        Muxes := 8     
	   2 Input      1 Bit        Muxes := 18    
	   3 Input      1 Bit        Muxes := 2     
	   8 Input      1 Bit        Muxes := 17    
	  17 Input      1 Bit        Muxes := 1     
	  10 Input      1 Bit        Muxes := 5     
	   6 Input      1 Bit        Muxes := 5     
---------------------------------------------------------------------------------
Finished RTL Component Statistics 
---------------------------------------------------------------------------------
---------------------------------------------------------------------------------
Start RTL Hierarchical Component Statistics 
---------------------------------------------------------------------------------
Hierarchical RTL Component report 
Module main 
Detailed RTL Component Info : 
+---Adders : 
	   2 Input      5 Bit       Adders := 1     
	   2 Input      4 Bit       Adders := 1     
+---Registers : 
	                4 Bit    Registers := 1     
	                3 Bit    Registers := 1     
+---Muxes : 
	   2 Input      4 Bit        Muxes := 12    
	   8 Input      4 Bit        Muxes := 2     
	   4 Input      4 Bit        Muxes := 2     
	   2 Input      3 Bit        Muxes := 17    
	   3 Input      3 Bit        Muxes := 4     
	   4 Input      3 Bit        Muxes := 1     
	   8 Input      3 Bit        Muxes := 3     
	  10 Input      3 Bit        Muxes := 1     
	   6 Input      3 Bit        Muxes := 1     
	   2 Input      2 Bit        Muxes := 10    
	   4 Input      2 Bit        Muxes := 4     
	  10 Input      2 Bit        Muxes := 1     
	   8 Input      2 Bit        Muxes := 2     
	   6 Input      2 Bit        Muxes := 1     
	   8 Input      1 Bit        Muxes := 17    
	   2 Input      1 Bit        Muxes := 14    
	   4 Input      1 Bit        Muxes := 6     
	  17 Input      1 Bit        Muxes := 1     
	  10 Input      1 Bit        Muxes := 5     
	   6 Input      1 Bit        Muxes := 5     
Module divider 
Detailed RTL Component Info : 
+---Adders : 
	   2 Input     32 Bit       Adders := 1     
+---Registers : 
	               32 Bit    Registers := 1     
	                1 Bit    Registers := 1     
Module num2seg 
Detailed RTL Component Info : 
+---Muxes : 
	  11 Input      7 Bit        Muxes := 1     
Module show_seg 
Detailed RTL Component Info : 
+---Adders : 
	   2 Input     32 Bit       Adders := 1     
+---Registers : 
	               32 Bit    Registers := 1     
+---Muxes : 
	   8 Input      8 Bit        Muxes := 1     
Module countdown 
Detailed RTL Component Info : 
+---Adders : 
	   2 Input      8 Bit       Adders := 2     
+---Registers : 
	                8 Bit    Registers := 2     
	                2 Bit    Registers := 1     
+---Muxes : 
	   4 Input      8 Bit        Muxes := 2     
	   2 Input      8 Bit        Muxes := 2     
	   2 Input      2 Bit        Muxes := 2     
	   4 Input      1 Bit        Muxes := 2     
	   2 Input      1 Bit        Muxes := 4     
	   3 Input      1 Bit        Muxes := 2     
Module sel_mode 
Detailed RTL Component Info : 
+---Adders : 
	   2 Input      3 Bit       Adders := 1     
+---Registers : 
	                3 Bit    Registers := 1     
+---Muxes : 
	   2 Input      3 Bit        Muxes := 1     
---------------------------------------------------------------------------------
Finished RTL Hierarchical Component Statistics
---------------------------------------------------------------------------------
---------------------------------------------------------------------------------
Start Part Resource Summary
---------------------------------------------------------------------------------
Part Resources:
DSPs: 240 (col length:80)
BRAMs: 270 (col length: RAMB18 80 RAMB36 40)
---------------------------------------------------------------------------------
Finished Part Resource Summary
---------------------------------------------------------------------------------
Start Parallel Synthesis Optimization  : Time (s): cpu = 00:00:19 ; elapsed = 00:00:24 . Memory (MB): peak = 611.883 ; gain = 439.113
---------------------------------------------------------------------------------
Start Cross Boundary Optimization
---------------------------------------------------------------------------------
INFO: [Synth 8-5545] ROM "counter" won't be mapped to RAM because address size (32) is larger than maximum supported(18)
INFO: [Synth 8-5545] ROM "clk_N" won't be mapped to RAM because address size (32) is larger than maximum supported(18)
INFO: [Synth 8-5545] ROM "ss/counter" won't be mapped to RAM because address size (32) is larger than maximum supported(18)
INFO: [Synth 8-5546] ROM "time_up" won't be mapped to RAM because it is too sparse
INFO: [Synth 8-5546] ROM "time_up" won't be mapped to RAM because it is too sparse
---------------------------------------------------------------------------------
Finished Cross Boundary Optimization : Time (s): cpu = 00:00:19 ; elapsed = 00:00:25 . Memory (MB): peak = 611.883 ; gain = 439.113
---------------------------------------------------------------------------------
Finished Parallel Reinference  : Time (s): cpu = 00:00:19 ; elapsed = 00:00:25 . Memory (MB): peak = 611.883 ; gain = 439.113

Report RTL Partitions: 
+-+--------------+------------+----------+
| |RTL Partition |Replication |Instances |
+-+--------------+------------+----------+
+-+--------------+------------+----------+
INFO: [Synth 8-3333] propagating constant 0 across sequential element (\num2_reg[7] )
WARNING: [Synth 8-3332] Sequential element (\num2_reg[7] ) is unused and will be removed from module main.
WARNING: [Synth 8-3332] Sequential element (\num2_reg[6] ) is unused and will be removed from module main.
WARNING: [Synth 8-3332] Sequential element (\num2_reg[5] ) is unused and will be removed from module main.
WARNING: [Synth 8-3332] Sequential element (\num2_reg[4] ) is unused and will be removed from module main.
---------------------------------------------------------------------------------
Start Area Optimization
---------------------------------------------------------------------------------
---------------------------------------------------------------------------------
Finished Area Optimization : Time (s): cpu = 00:00:23 ; elapsed = 00:00:29 . Memory (MB): peak = 611.883 ; gain = 439.113
---------------------------------------------------------------------------------
Finished Parallel Area Optimization  : Time (s): cpu = 00:00:23 ; elapsed = 00:00:29 . Memory (MB): peak = 611.883 ; gain = 439.113

Report RTL Partitions: 
+-+--------------+------------+----------+
| |RTL Partition |Replication |Instances |
+-+--------------+------------+----------+
+-+--------------+------------+----------+
Finished Parallel Synthesis Optimization  : Time (s): cpu = 00:00:23 ; elapsed = 00:00:29 . Memory (MB): peak = 611.883 ; gain = 439.113
---------------------------------------------------------------------------------
Start Timing Optimization
---------------------------------------------------------------------------------
---------------------------------------------------------------------------------
Start Applying XDC Timing Constraints
---------------------------------------------------------------------------------
incorrect argument "-dict" for "set_property" at line 7 of file D:/VerilogCode/washing_machine/washing_machine.srcs/Nexys4DDR_Master.xdc
incorrect set of required parameters for "set_property" at line 7 of file D:/VerilogCode/washing_machine/washing_machine.srcs/Nexys4DDR_Master.xdc
---------------------------------------------------------------------
Usage:
  set_property
    [-help]
    [-quiet]
    attribute
    value
    object
    [{>|>>} <stdoutFile>]
---------------------------------------------------------------------
incorrect argument "-dict" for "set_property" at line 13 of file D:/VerilogCode/washing_machine/washing_machine.srcs/Nexys4DDR_Master.xdc
incorrect set of required parameters for "set_property" at line 13 of file D:/VerilogCode/washing_machine/washing_machine.srcs/Nexys4DDR_Master.xdc
---------------------------------------------------------------------
Usage:
  set_property
    [-help]
    [-quiet]
    attribute
    value
    object
    [{>|>>} <stdoutFile>]
---------------------------------------------------------------------
incorrect argument "-dict" for "set_property" at line 14 of file D:/VerilogCode/washing_machine/washing_machine.srcs/Nexys4DDR_Master.xdc
incorrect set of required parameters for "set_property" at line 14 of file D:/VerilogCode/washing_machine/washing_machine.srcs/Nexys4DDR_Master.xdc
---------------------------------------------------------------------
Usage:
  set_property
    [-help]
    [-quiet]
    attribute
    value
    object
    [{>|>>} <stdoutFile>]
---------------------------------------------------------------------
incorrect argument "-dict" for "set_property" at line 15 of file D:/VerilogCode/washing_machine/washing_machine.srcs/Nexys4DDR_Master.xdc
incorrect set of required parameters for "set_property" at line 15 of file D:/VerilogCode/washing_machine/washing_machine.srcs/Nexys4DDR_Master.xdc
---------------------------------------------------------------------
Usage:
  set_property
    [-help]
    [-quiet]
    attribute
    value
    object
    [{>|>>} <stdoutFile>]
---------------------------------------------------------------------
incorrect argument "-dict" for "set_property" at line 16 of file D:/VerilogCode/washing_machine/washing_machine.srcs/Nexys4DDR_Master.xdc
incorrect set of required parameters for "set_property" at line 16 of file D:/VerilogCode/washing_machine/washing_machine.srcs/Nexys4DDR_Master.xdc
---------------------------------------------------------------------
Usage:
  set_property
    [-help]
    [-quiet]
    attribute
    value
    object
    [{>|>>} <stdoutFile>]
---------------------------------------------------------------------
incorrect argument "-dict" for "set_property" at line 33 of file D:/VerilogCode/washing_machine/washing_machine.srcs/Nexys4DDR_Master.xdc
incorrect set of required parameters for "set_property" at line 33 of file D:/VerilogCode/washing_machine/washing_machine.srcs/Nexys4DDR_Master.xdc
---------------------------------------------------------------------
Usage:
  set_property
    [-help]
    [-quiet]
    attribute
    value
    object
    [{>|>>} <stdoutFile>]
---------------------------------------------------------------------
incorrect argument "-dict" for "set_property" at line 34 of file D:/VerilogCode/washing_machine/washing_machine.srcs/Nexys4DDR_Master.xdc
incorrect set of required parameters for "set_property" at line 34 of file D:/VerilogCode/washing_machine/washing_machine.srcs/Nexys4DDR_Master.xdc
---------------------------------------------------------------------
Usage:
  set_property
    [-help]
    [-quiet]
    attribute
    value
    object
    [{>|>>} <stdoutFile>]
---------------------------------------------------------------------
incorrect argument "-dict" for "set_property" at line 35 of file D:/VerilogCode/washing_machine/washing_machine.srcs/Nexys4DDR_Master.xdc
incorrect set of required parameters for "set_property" at line 35 of file D:/VerilogCode/washing_machine/washing_machine.srcs/Nexys4DDR_Master.xdc
---------------------------------------------------------------------
Usage:
  set_property
    [-help]
    [-quiet]
    attribute
    value
    object
    [{>|>>} <stdoutFile>]
---------------------------------------------------------------------
incorrect argument "-dict" for "set_property" at line 36 of file D:/VerilogCode/washing_machine/washing_machine.srcs/Nexys4DDR_Master.xdc
incorrect set of required parameters for "set_property" at line 36 of file D:/VerilogCode/washing_machine/washing_machine.srcs/Nexys4DDR_Master.xdc
---------------------------------------------------------------------
Usage:
  set_property
    [-help]
    [-quiet]
    attribute
    value
    object
    [{>|>>} <stdoutFile>]
---------------------------------------------------------------------
incorrect argument "-dict" for "set_property" at line 37 of file D:/VerilogCode/washing_machine/washing_machine.srcs/Nexys4DDR_Master.xdc
incorrect set of required parameters for "set_property" at line 37 of file D:/VerilogCode/washing_machine/washing_machine.srcs/Nexys4DDR_Master.xdc
---------------------------------------------------------------------
Usage:
  set_property
    [-help]
    [-quiet]
    attribute
    value
    object
    [{>|>>} <stdoutFile>]
---------------------------------------------------------------------
incorrect argument "-dict" for "set_property" at line 38 of file D:/VerilogCode/washing_machine/washing_machine.srcs/Nexys4DDR_Master.xdc
incorrect set of required parameters for "set_property" at line 38 of file D:/VerilogCode/washing_machine/washing_machine.srcs/Nexys4DDR_Master.xdc
---------------------------------------------------------------------
Usage:
  set_property
    [-help]
    [-quiet]
    attribute
    value
    object
    [{>|>>} <stdoutFile>]
---------------------------------------------------------------------
incorrect argument "-dict" for "set_property" at line 39 of file D:/VerilogCode/washing_machine/washing_machine.srcs/Nexys4DDR_Master.xdc
incorrect set of required parameters for "set_property" at line 39 of file D:/VerilogCode/washing_machine/washing_machine.srcs/Nexys4DDR_Master.xdc
---------------------------------------------------------------------
Usage:
  set_property
    [-help]
    [-quiet]
    attribute
    value
    object
    [{>|>>} <stdoutFile>]
---------------------------------------------------------------------
incorrect argument "-dict" for "set_property" at line 40 of file D:/VerilogCode/washing_machine/washing_machine.srcs/Nexys4DDR_Master.xdc
incorrect set of required parameters for "set_property" at line 40 of file D:/VerilogCode/washing_machine/washing_machine.srcs/Nexys4DDR_Master.xdc
---------------------------------------------------------------------
Usage:
  set_property
    [-help]
    [-quiet]
    attribute
    value
    object
    [{>|>>} <stdoutFile>]
---------------------------------------------------------------------
incorrect argument "-dict" for "set_property" at line 43 of file D:/VerilogCode/washing_machine/washing_machine.srcs/Nexys4DDR_Master.xdc
incorrect set of required parameters for "set_property" at line 43 of file D:/VerilogCode/washing_machine/washing_machine.srcs/Nexys4DDR_Master.xdc
---------------------------------------------------------------------
Usage:
  set_property
    [-help]
    [-quiet]
    attribute
    value
    object
    [{>|>>} <stdoutFile>]
---------------------------------------------------------------------
incorrect argument "-dict" for "set_property" at line 44 of file D:/VerilogCode/washing_machine/washing_machine.srcs/Nexys4DDR_Master.xdc
incorrect set of required parameters for "set_property" at line 44 of file D:/VerilogCode/washing_machine/washing_machine.srcs/Nexys4DDR_Master.xdc
---------------------------------------------------------------------
Usage:
  set_property
    [-help]
    [-quiet]
    attribute
    value
    object
    [{>|>>} <stdoutFile>]
---------------------------------------------------------------------
incorrect argument "-dict" for "set_property" at line 46 of file D:/VerilogCode/washing_machine/washing_machine.srcs/Nexys4DDR_Master.xdc
incorrect set of required parameters for "set_property" at line 46 of file D:/VerilogCode/washing_machine/washing_machine.srcs/Nexys4DDR_Master.xdc
---------------------------------------------------------------------
Usage:
  set_property
    [-help]
    [-quiet]
    attribute
    value
    object
    [{>|>>} <stdoutFile>]
---------------------------------------------------------------------
incorrect argument "-dict" for "set_property" at line 47 of file D:/VerilogCode/washing_machine/washing_machine.srcs/Nexys4DDR_Master.xdc
incorrect set of required parameters for "set_property" at line 47 of file D:/VerilogCode/washing_machine/washing_machine.srcs/Nexys4DDR_Master.xdc
---------------------------------------------------------------------
Usage:
  set_property
    [-help]
    [-quiet]
    attribute
    value
    object
    [{>|>>} <stdoutFile>]
---------------------------------------------------------------------
incorrect argument "-dict" for "set_property" at line 48 of file D:/VerilogCode/washing_machine/washing_machine.srcs/Nexys4DDR_Master.xdc
incorrect set of required parameters for "set_property" at line 48 of file D:/VerilogCode/washing_machine/washing_machine.srcs/Nexys4DDR_Master.xdc
---------------------------------------------------------------------
Usage:
  set_property
    [-help]
    [-quiet]
    attribute
    value
    object
    [{>|>>} <stdoutFile>]
---------------------------------------------------------------------
incorrect argument "-dict" for "set_property" at line 60 of file D:/VerilogCode/washing_machine/washing_machine.srcs/Nexys4DDR_Master.xdc
incorrect set of required parameters for "set_property" at line 60 of file D:/VerilogCode/washing_machine/washing_machine.srcs/Nexys4DDR_Master.xdc
---------------------------------------------------------------------
Usage:
  set_property
    [-help]
    [-quiet]
    attribute
    value
    object
    [{>|>>} <stdoutFile>]
---------------------------------------------------------------------
incorrect argument "-dict" for "set_property" at line 61 of file D:/VerilogCode/washing_machine/washing_machine.srcs/Nexys4DDR_Master.xdc
incorrect set of required parameters for "set_property" at line 61 of file D:/VerilogCode/washing_machine/washing_machine.srcs/Nexys4DDR_Master.xdc
---------------------------------------------------------------------
Usage:
  set_property
    [-help]
    [-quiet]
    attribute
    value
    object
    [{>|>>} <stdoutFile>]
---------------------------------------------------------------------
incorrect argument "-dict" for "set_property" at line 62 of file D:/VerilogCode/washing_machine/washing_machine.srcs/Nexys4DDR_Master.xdc
incorrect set of required parameters for "set_property" at line 62 of file D:/VerilogCode/washing_machine/washing_machine.srcs/Nexys4DDR_Master.xdc
---------------------------------------------------------------------
Usage:
  set_property
    [-help]
    [-quiet]
    attribute
    value
    object
    [{>|>>} <stdoutFile>]
---------------------------------------------------------------------
incorrect argument "-dict" for "set_property" at line 63 of file D:/VerilogCode/washing_machine/washing_machine.srcs/Nexys4DDR_Master.xdc
incorrect set of required parameters for "set_property" at line 63 of file D:/VerilogCode/washing_machine/washing_machine.srcs/Nexys4DDR_Master.xdc
---------------------------------------------------------------------
Usage:
  set_property
    [-help]
    [-quiet]
    attribute
    value
    object
    [{>|>>} <stdoutFile>]
---------------------------------------------------------------------
incorrect argument "-dict" for "set_property" at line 64 of file D:/VerilogCode/washing_machine/washing_machine.srcs/Nexys4DDR_Master.xdc
incorrect set of required parameters for "set_property" at line 64 of file D:/VerilogCode/washing_machine/washing_machine.srcs/Nexys4DDR_Master.xdc
---------------------------------------------------------------------
Usage:
  set_property
    [-help]
    [-quiet]
    attribute
    value
    object
    [{>|>>} <stdoutFile>]
---------------------------------------------------------------------
incorrect argument "-dict" for "set_property" at line 65 of file D:/VerilogCode/washing_machine/washing_machine.srcs/Nexys4DDR_Master.xdc
incorrect set of required parameters for "set_property" at line 65 of file D:/VerilogCode/washing_machine/washing_machine.srcs/Nexys4DDR_Master.xdc
---------------------------------------------------------------------
Usage:
  set_property
    [-help]
    [-quiet]
    attribute
    value
    object
    [{>|>>} <stdoutFile>]
---------------------------------------------------------------------
incorrect argument "-dict" for "set_property" at line 66 of file D:/VerilogCode/washing_machine/washing_machine.srcs/Nexys4DDR_Master.xdc
incorrect set of required parameters for "set_property" at line 66 of file D:/VerilogCode/washing_machine/washing_machine.srcs/Nexys4DDR_Master.xdc
---------------------------------------------------------------------
Usage:
  set_property
    [-help]
    [-quiet]
    attribute
    value
    object
    [{>|>>} <stdoutFile>]
---------------------------------------------------------------------
incorrect argument "-dict" for "set_property" at line 70 of file D:/VerilogCode/washing_machine/washing_machine.srcs/Nexys4DDR_Master.xdc
incorrect set of required parameters for "set_property" at line 70 of file D:/VerilogCode/washing_machine/washing_machine.srcs/Nexys4DDR_Master.xdc
---------------------------------------------------------------------
Usage:
  set_property
    [-help]
    [-quiet]
    attribute
    value
    object
    [{>|>>} <stdoutFile>]
---------------------------------------------------------------------
incorrect argument "-dict" for "set_property" at line 71 of file D:/VerilogCode/washing_machine/washing_machine.srcs/Nexys4DDR_Master.xdc
incorrect set of required parameters for "set_property" at line 71 of file D:/VerilogCode/washing_machine/washing_machine.srcs/Nexys4DDR_Master.xdc
---------------------------------------------------------------------
Usage:
  set_property
    [-help]
    [-quiet]
    attribute
    value
    object
    [{>|>>} <stdoutFile>]
---------------------------------------------------------------------
incorrect argument "-dict" for "set_property" at line 72 of file D:/VerilogCode/washing_machine/washing_machine.srcs/Nexys4DDR_Master.xdc
incorrect set of required parameters for "set_property" at line 72 of file D:/VerilogCode/washing_machine/washing_machine.srcs/Nexys4DDR_Master.xdc
---------------------------------------------------------------------
Usage:
  set_property
    [-help]
    [-quiet]
    attribute
    value
    object
    [{>|>>} <stdoutFile>]
---------------------------------------------------------------------
incorrect argument "-dict" for "set_property" at line 73 of file D:/VerilogCode/washing_machine/washing_machine.srcs/Nexys4DDR_Master.xdc
incorrect set of required parameters for "set_property" at line 73 of file D:/VerilogCode/washing_machine/washing_machine.srcs/Nexys4DDR_Master.xdc
---------------------------------------------------------------------
Usage:
  set_property
    [-help]
    [-quiet]
    attribute
    value
    object
    [{>|>>} <stdoutFile>]
---------------------------------------------------------------------
incorrect argument "-dict" for "set_property" at line 74 of file D:/VerilogCode/washing_machine/washing_machine.srcs/Nexys4DDR_Master.xdc
incorrect set of required parameters for "set_property" at line 74 of file D:/VerilogCode/washing_machine/washing_machine.srcs/Nexys4DDR_Master.xdc
---------------------------------------------------------------------
Usage:
  set_property
    [-help]
    [-quiet]
    attribute
    value
    object
    [{>|>>} <stdoutFile>]
---------------------------------------------------------------------
incorrect argument "-dict" for "set_property" at line 75 of file D:/VerilogCode/washing_machine/washing_machine.srcs/Nexys4DDR_Master.xdc
incorrect set of required parameters for "set_property" at line 75 of file D:/VerilogCode/washing_machine/washing_machine.srcs/Nexys4DDR_Master.xdc
---------------------------------------------------------------------
Usage:
  set_property
    [-help]
    [-quiet]
    attribute
    value
    object
    [{>|>>} <stdoutFile>]
---------------------------------------------------------------------
incorrect argument "-dict" for "set_property" at line 76 of file D:/VerilogCode/washing_machine/washing_machine.srcs/Nexys4DDR_Master.xdc
incorrect set of required parameters for "set_property" at line 76 of file D:/VerilogCode/washing_machine/washing_machine.srcs/Nexys4DDR_Master.xdc
---------------------------------------------------------------------
Usage:
  set_property
    [-help]
    [-quiet]
    attribute
    value
    object
    [{>|>>} <stdoutFile>]
---------------------------------------------------------------------
incorrect argument "-dict" for "set_property" at line 77 of file D:/VerilogCode/washing_machine/washing_machine.srcs/Nexys4DDR_Master.xdc
incorrect set of required parameters for "set_property" at line 77 of file D:/VerilogCode/washing_machine/washing_machine.srcs/Nexys4DDR_Master.xdc
---------------------------------------------------------------------
Usage:
  set_property
    [-help]
    [-quiet]
    attribute
    value
    object
    [{>|>>} <stdoutFile>]
---------------------------------------------------------------------
incorrect argument "-dict" for "set_property" at line 86 of file D:/VerilogCode/washing_machine/washing_machine.srcs/Nexys4DDR_Master.xdc
incorrect set of required parameters for "set_property" at line 86 of file D:/VerilogCode/washing_machine/washing_machine.srcs/Nexys4DDR_Master.xdc
---------------------------------------------------------------------
Usage:
  set_property
    [-help]
    [-quiet]
    attribute
    value
    object
    [{>|>>} <stdoutFile>]
---------------------------------------------------------------------
---------------------------------------------------------------------------------
Finished Applying XDC Timing Constraints : Time (s): cpu = 00:00:37 ; elapsed = 00:00:43 . Memory (MB): peak = 611.883 ; gain = 439.113
---------------------------------------------------------------------------------
---------------------------------------------------------------------------------
Finished Timing Optimization : Time (s): cpu = 00:00:37 ; elapsed = 00:00:43 . Memory (MB): peak = 611.883 ; gain = 439.113
---------------------------------------------------------------------------------

Report RTL Partitions: 
+-+--------------+------------+----------+
| |RTL Partition |Replication |Instances |
+-+--------------+------------+----------+
+-+--------------+------------+----------+
---------------------------------------------------------------------------------
Start Technology Mapping
---------------------------------------------------------------------------------
WARNING: [Synth 8-3332] Sequential element (\cd/next2_reg[7] ) is unused and will be removed from module main.
WARNING: [Synth 8-3332] Sequential element (\cd/next2_reg[6] ) is unused and will be removed from module main.
WARNING: [Synth 8-3332] Sequential element (\cd/next2_reg[5] ) is unused and will be removed from module main.
---------------------------------------------------------------------------------
Finished Technology Mapping : Time (s): cpu = 00:00:38 ; elapsed = 00:00:45 . Memory (MB): peak = 619.285 ; gain = 446.516
---------------------------------------------------------------------------------

Report RTL Partitions: 
+-+--------------+------------+----------+
| |RTL Partition |Replication |Instances |
+-+--------------+------------+----------+
+-+--------------+------------+----------+
---------------------------------------------------------------------------------
Start IO Insertion
---------------------------------------------------------------------------------
---------------------------------------------------------------------------------
Start Final Netlist Cleanup
---------------------------------------------------------------------------------
---------------------------------------------------------------------------------
Finished Final Netlist Cleanup
---------------------------------------------------------------------------------
---------------------------------------------------------------------------------
Finished IO Insertion : Time (s): cpu = 00:00:39 ; elapsed = 00:00:45 . Memory (MB): peak = 619.285 ; gain = 446.516
---------------------------------------------------------------------------------

Report Check Netlist: 
+------+------------------+-------+---------+-------+------------------+
|      |Item              |Errors |Warnings |Status |Description       |
+------+------------------+-------+---------+-------+------------------+
|1     |multi_driven_nets |      0|        0|Passed |Multi driven nets |
+------+------------------+-------+---------+-------+------------------+
---------------------------------------------------------------------------------
Start Renaming Generated Instances
---------------------------------------------------------------------------------
---------------------------------------------------------------------------------
Finished Renaming Generated Instances : Time (s): cpu = 00:00:39 ; elapsed = 00:00:45 . Memory (MB): peak = 619.285 ; gain = 446.516
---------------------------------------------------------------------------------

Report RTL Partitions: 
+-+--------------+------------+----------+
| |RTL Partition |Replication |Instances |
+-+--------------+------------+----------+
+-+--------------+------------+----------+
---------------------------------------------------------------------------------
Start Rebuilding User Hierarchy
---------------------------------------------------------------------------------
---------------------------------------------------------------------------------
Finished Rebuilding User Hierarchy : Time (s): cpu = 00:00:39 ; elapsed = 00:00:45 . Memory (MB): peak = 619.285 ; gain = 446.516
---------------------------------------------------------------------------------
---------------------------------------------------------------------------------
Start Renaming Generated Ports : Time (s): cpu = 00:00:39 ; elapsed = 00:00:45 . Memory (MB): peak = 619.285 ; gain = 446.516
---------------------------------------------------------------------------------
---------------------------------------------------------------------------------
Finished Renaming Generated Ports : Time (s): cpu = 00:00:39 ; elapsed = 00:00:45 . Memory (MB): peak = 619.285 ; gain = 446.516
---------------------------------------------------------------------------------
---------------------------------------------------------------------------------
Start Writing Synthesis Report
---------------------------------------------------------------------------------

Report BlackBoxes: 
+-+--------------+----------+
| |BlackBox name |Instances |
+-+--------------+----------+
+-+--------------+----------+

Report Cell Usage: 
+------+-------+------+
|      |Cell   |Count |
+------+-------+------+
|1     |BUFG   |     2|
|2     |CARRY4 |    16|
|3     |LUT1   |    69|
|4     |LUT2   |    24|
|5     |LUT3   |    22|
|6     |LUT4   |    30|
|7     |LUT5   |    54|
|8     |LUT6   |   157|
|9     |MUXF7  |     8|
|10    |FDRE   |    91|
|11    |LD     |    12|
|12    |IBUF   |     6|
|13    |OBUF   |    28|
+------+-------+------+

Report Instance Areas: 
+------+-----------+------------+------+
|      |Instance   |Module      |Cells |
+------+-----------+------------+------+
|1     |top        |            |   519|
|2     |  cd       |countdown   |   331|
|3     |    fd     |format_disp |   197|
|4     |      dn   |disp_num    |   197|
|5     |        ss |show_seg    |   197|
|6     |  cm       |sel_mode    |    35|
|7     |  d        |divider     |    81|
+------+-----------+------------+------+
---------------------------------------------------------------------------------
Finished Writing Synthesis Report : Time (s): cpu = 00:00:39 ; elapsed = 00:00:46 . Memory (MB): peak = 619.285 ; gain = 446.516
---------------------------------------------------------------------------------
Synthesis finished with 0 errors, 0 critical warnings and 15 warnings.
Synthesis Optimization Runtime : Time (s): cpu = 00:00:24 ; elapsed = 00:00:33 . Memory (MB): peak = 619.285 ; gain = 93.453
Synthesis Optimization Complete : Time (s): cpu = 00:00:39 ; elapsed = 00:00:46 . Memory (MB): peak = 619.285 ; gain = 446.516
INFO: [Project 1-571] Translating synthesized netlist
INFO: [Netlist 29-17] Analyzing 34 Unisim elements for replacement
INFO: [Netlist 29-28] Unisim Transformation completed in 0 CPU seconds
INFO: [Project 1-570] Preparing netlist for logic optimization
INFO: [Opt 31-138] Pushed 1 inverter(s) to 1 load pin(s).
INFO: [Project 1-111] Unisim Transformation Summary:
  A total of 12 instances were transformed.
  LD => LDCE: 12 instances

INFO: [Common 17-83] Releasing license: Synthesis
63 Infos, 17 Warnings, 0 Critical Warnings and 0 Errors encountered.
synth_design completed successfully
synth_design: Time (s): cpu = 00:00:37 ; elapsed = 00:00:43 . Memory (MB): peak = 619.285 ; gain = 409.004
report_utilization: Time (s): cpu = 00:00:00 ; elapsed = 00:00:00.051 . Memory (MB): peak = 619.285 ; gain = 0.000
INFO: [Common 17-206] Exiting Vivado at Mon Jun 12 17:01:10 2017...
